<?xml version="1.0" encoding="UTF-8"?>
<!-- Generated by org.testng.reporters.JUnitReportReporter -->
<testsuite hostname="Vibhor-Agarwal" name="DemoTest" tests="10" failures="0" timestamp="21 Sep 2019 14:23:39 GMT" time="92.210" errors="0">
  <testcase name="resetPasswordTest" time="35.040" classname="DemoTest"/>
  <testcase name="loginTestwithValidCredentials" time="3.035" classname="DemoTest"/>
  <testcase name="verifyProfileDetailsTest" time="3.440" classname="DemoTest"/>
  <testcase name="logoutTest" time="2.682" classname="DemoTest"/>
  <testcase name="signUpTest" time="3.257" classname="DemoTest"/>
  <testcase name="signUpFromExistingEmailIdTest" time="2.706" classname="DemoTest"/>
  <testcase name="profileUpdateTest" time="3.406" classname="DemoTest"/>
  <testcase name="runValuationTest" time="18.021" classname="DemoTest"/>
  <testcase name="loginTestwithInValidCredentials" time="1.458" classname="DemoTest"/>
  <testcase name="verifySearchHistoryTest" time="19.165" classname="DemoTest"/>
</testsuite> <!-- DemoTest -->
